<!doctype html>
<html lang="">
<head>
    <meta charset="UTF-8">
    <meta name="viewport"
          content="width=device-width, user-scalable=no, initial-scale=1.0, maximum-scale=1.0, minimum-scale=1.0">
    <meta http-equiv="X-UA-Compatible" content="ie=edge">
    <title>Test Results Report - Default test</title>

    <link href="reportng.css" rel="stylesheet" type="text/css"/>
</head>
<body>
<div id="meta">
Generated by <a href="http://www.testng.org" target="_blank">TestNG</a> with <a href="https://github.com/testng-team/reportng" target="_blank">ReportNG</a>
at 21:26 IST on Wednesday 19 March 2025
    <br/><span
    id="systemInfo">Hp@DESKTOP-AHMVJTM&nbsp;/&nbsp;Java 21.0.3 (Oracle Corporation)&nbsp;/&nbsp;Windows 10 10.0 (amd64)</span>
</div>
<h1>Default test</h1>

<p>
    <a href="index.html">Suites</a>
        &#183; <a href="output.html">Log Output</a>
</p>

<p>Test duration
    : 7.329s</p>


    <table class="resultsTable">
        <tr>
            <th colspan="3" class="header failed">Failed Tests</th>
        </tr>
            <tr>
                <td class="group" colspan="3">ex_Selenium_DataDrivenTesting.DDT_RealTimeScenario</td>
            </tr>
    <tr>
        <td class="method">
                testDataDriven
        </td>
        <td class="duration">
            0.000s
        </td>
        <td class="result">
            <!-- Display the dependencies for skipped test methods -->


            <!-- Show logger output for the test -->

                <a href="javascript:toggleElement('exception-0', 'block')"
                   title="Click to expand/collapse">
                    <b>java.lang.RuntimeException: java.nio.file.InvalidPathException: Illegal char &lt;:&gt; at index 33: E:\ABTB6x\LearningSeleniumATB6x\E:\ABTB6x\LearningSeleniumATB6x\resources\TataData.xlsx</b>
                </a>
                <br/>
                <div class="stackTrace" id="exception-0">
                        org.testng.internal.invokers.MethodInvocationHelper.invokeMethodNoCheckedException(MethodInvocationHelper.java:58)<br/>
                        org.testng.internal.invokers.MethodInvocationHelper.invokeDataProvider(MethodInvocationHelper.java:159)<br/>
                        org.testng.internal.Parameters.handleParameters(Parameters.java:809)<br/>
                        org.testng.internal.Parameters.handleParameters(Parameters.java:734)<br/>
                        org.testng.internal.invokers.ParameterHandler.handleParameters(ParameterHandler.java:72)<br/>
                        org.testng.internal.invokers.ParameterHandler.createParameters(ParameterHandler.java:51)<br/>
                        org.testng.internal.invokers.TestInvoker$MethodInvocationAgent.invoke(TestInvoker.java:946)<br/>
                        org.testng.internal.invokers.TestInvoker.invokeTestMethods(TestInvoker.java:203)<br/>
                        org.testng.internal.invokers.TestMethodWorker.invokeTestMethods(TestMethodWorker.java:154)<br/>
                        org.testng.internal.invokers.TestMethodWorker.run(TestMethodWorker.java:134)<br/>
                        java.base/java.util.ArrayList.forEach(ArrayList.java:1596)<br/>
                        org.testng.TestRunner.privateRun(TestRunner.java:739)<br/>
                        org.testng.TestRunner.run(TestRunner.java:614)<br/>
                        org.testng.SuiteRunner.runTest(SuiteRunner.java:421)<br/>
                        org.testng.SuiteRunner.runSequentially(SuiteRunner.java:413)<br/>
                        org.testng.SuiteRunner.privateRun(SuiteRunner.java:373)<br/>
                        org.testng.SuiteRunner.run(SuiteRunner.java:312)<br/>
                        org.testng.SuiteRunnerWorker.runSuite(SuiteRunnerWorker.java:52)<br/>
                        org.testng.SuiteRunnerWorker.run(SuiteRunnerWorker.java:95)<br/>
                        org.testng.TestNG.runSuitesSequentially(TestNG.java:1274)<br/>
                        org.testng.TestNG.runSuitesLocally(TestNG.java:1208)<br/>
                        org.testng.TestNG.runSuites(TestNG.java:1112)<br/>
                        org.testng.TestNG.run(TestNG.java:1079)<br/>
                        org.testng.remote.AbstractRemoteTestNG.run(AbstractRemoteTestNG.java:115)<br/>
                        org.testng.remote.RemoteTestNG.initAndRun(RemoteTestNG.java:293)<br/>
                        org.testng.remote.RemoteTestNG.main(RemoteTestNG.java:91)<br/>
                        <b>Caused by: </b>
                        <a href="javascript:toggleElement('exception-1', 'block')"
                           title="Click to expand/collapse">
                            java.nio.file.InvalidPathException: Illegal char &lt;:&gt; at index 33: E:\ABTB6x\LearningSeleniumATB6x\E:\ABTB6x\LearningSeleniumATB6x\resources\TataData.xlsx
                        </a>
                        <br/>
                        <div class="stackTrace" id="exception-1">
                                java.base/sun.nio.fs.WindowsPathParser.normalize(WindowsPathParser.java:204)<br/>
                                java.base/sun.nio.fs.WindowsPathParser.parse(WindowsPathParser.java:175)<br/>
                                java.base/sun.nio.fs.WindowsPathParser.parse(WindowsPathParser.java:77)<br/>
                                java.base/sun.nio.fs.WindowsPath.parse(WindowsPath.java:92)<br/>
                                java.base/sun.nio.fs.WindowsFileSystem.getPath(WindowsFileSystem.java:231)<br/>
                                java.base/java.io.File.toPath(File.java:2401)<br/>
                                org.apache.poi.openxml4j.opc.ZipPackage.openZipEntrySourceStream(ZipPackage.java:209)<br/>
                                org.apache.poi.openxml4j.opc.ZipPackage.&lt;init&gt;(ZipPackage.java:199)<br/>
                                org.apache.poi.openxml4j.opc.ZipPackage.&lt;init&gt;(ZipPackage.java:171)<br/>
                                org.apache.poi.openxml4j.opc.OPCPackage.open(OPCPackage.java:247)<br/>
                                org.apache.poi.openxml4j.opc.OPCPackage.open(OPCPackage.java:179)<br/>
                                org.apache.poi.ooxml.POIXMLDocument.openPackage(POIXMLDocument.java:88)<br/>
                                org.apache.poi.xssf.usermodel.XSSFWorkbook.&lt;init&gt;(XSSFWorkbook.java:358)<br/>
                                ex_Selenium_DataDrivenTesting.ExcelReader.getDataFromSheet(ExcelReader.java:139)<br/>
                                ex_Selenium_DataDrivenTesting.DDT_RealTimeScenario.testDataExcel(DDT_RealTimeScenario.java:65)<br/>
                                java.base/jdk.internal.reflect.DirectMethodHandleAccessor.invoke(DirectMethodHandleAccessor.java:103)<br/>
                                java.base/java.lang.reflect.Method.invoke(Method.java:580)<br/>
                                org.testng.internal.invokers.MethodInvocationHelper.invokeMethod(MethodInvocationHelper.java:141)<br/>
                                org.testng.internal.invokers.MethodInvocationHelper.invokeMethod(MethodInvocationHelper.java:86)<br/>
                                org.testng.internal.invokers.MethodInvocationHelper.invokeMethodNoCheckedException(MethodInvocationHelper.java:54)<br/>
                                org.testng.internal.invokers.MethodInvocationHelper.invokeDataProvider(MethodInvocationHelper.java:159)<br/>
                                org.testng.internal.Parameters.handleParameters(Parameters.java:809)<br/>
                                org.testng.internal.Parameters.handleParameters(Parameters.java:734)<br/>
                                org.testng.internal.invokers.ParameterHandler.handleParameters(ParameterHandler.java:72)<br/>
                                org.testng.internal.invokers.ParameterHandler.createParameters(ParameterHandler.java:51)<br/>
                                org.testng.internal.invokers.TestInvoker$MethodInvocationAgent.invoke(TestInvoker.java:946)<br/>
                                org.testng.internal.invokers.TestInvoker.invokeTestMethods(TestInvoker.java:203)<br/>
                                org.testng.internal.invokers.TestMethodWorker.invokeTestMethods(TestMethodWorker.java:154)<br/>
                                org.testng.internal.invokers.TestMethodWorker.run(TestMethodWorker.java:134)<br/>
                                java.base/java.util.ArrayList.forEach(ArrayList.java:1596)<br/>
                                org.testng.TestRunner.privateRun(TestRunner.java:739)<br/>
                                org.testng.TestRunner.run(TestRunner.java:614)<br/>
                                org.testng.SuiteRunner.runTest(SuiteRunner.java:421)<br/>
                                org.testng.SuiteRunner.runSequentially(SuiteRunner.java:413)<br/>
                                org.testng.SuiteRunner.privateRun(SuiteRunner.java:373)<br/>
                                org.testng.SuiteRunner.run(SuiteRunner.java:312)<br/>
                                org.testng.SuiteRunnerWorker.runSuite(SuiteRunnerWorker.java:52)<br/>
                                org.testng.SuiteRunnerWorker.run(SuiteRunnerWorker.java:95)<br/>
                                org.testng.TestNG.runSuitesSequentially(TestNG.java:1274)<br/>
                                org.testng.TestNG.runSuitesLocally(TestNG.java:1208)<br/>
                                org.testng.TestNG.runSuites(TestNG.java:1112)<br/>
                                org.testng.TestNG.run(TestNG.java:1079)<br/>
                                org.testng.remote.AbstractRemoteTestNG.run(AbstractRemoteTestNG.java:115)<br/>
                                org.testng.remote.RemoteTestNG.initAndRun(RemoteTestNG.java:293)<br/>
                                org.testng.remote.RemoteTestNG.main(RemoteTestNG.java:91)<br/>
                        </div>
                </div>
        </td>
    </tr>
    </table>



<script type="text/javascript" src="reportng.js"></script>
</body>
